

------------------------------------------------------
Date: 02/03/2015 ; 11:21:34
Mécanisme:  C:\Users\tsi\Downloads\PPE_SI-master\PPE_SI-master\{8f135978-30e4-45ae-92ef-9ea0bd590246}\assemblage_final.CES
Position n° -1
Exception:  Range check error, dans la procédure Reduire_hyperstaticite


------------------------------------------------------
Date: 23/03/2015 ; 11:29:30
Mécanisme:  C:\Users\tsi\Desktop\PPE_SI-master\{8f135978-30e4-45ae-92ef-9ea0bd590246}\assemblage_final.CES
Position n° 3
Exception:  failed to create win32 control, error: 1407, dans la procédure Position_suivante


------------------------------------------------------
Date: 23/03/2015 ; 11:30:28
Mécanisme:  C:\Users\tsi\Desktop\PPE_SI-master\{8f135978-30e4-45ae-92ef-9ea0bd590246}\assemblage_final.CES
Position n° 3
Exception:  failed to create win32 control, error: 1407, dans la procédure Position_suivante


------------------------------------------------------
Date: 23/03/2015 ; 11:31:32
Mécanisme:  C:\Users\tsi\Desktop\PPE_SI-master\{8f135978-30e4-45ae-92ef-9ea0bd590246}\assemblage_final.CES
Position n° 3
Exception:  failed to create win32 control, error: 1407, dans la procédure Position_suivante


------------------------------------------------------
Date: 23/03/2015 ; 11:31:38
Mécanisme:  C:\Users\tsi\Desktop\PPE_SI-master\{8f135978-30e4-45ae-92ef-9ea0bd590246}\assemblage_final.CES
Position n° 3
Exception:  failed to create win32 control, error: 1407, dans la procédure Position_suivante


------------------------------------------------------
Date: 23/03/2015 ; 11:32:08
Mécanisme:  C:\Users\tsi\Desktop\PPE_SI-master\{8f135978-30e4-45ae-92ef-9ea0bd590246}\assemblage_final.CES
Position n° 3
Exception:  failed to create win32 control, error: 1407, dans la procédure Position_suivante


------------------------------------------------------
Date: 23/03/2015 ; 11:32:29
Mécanisme:  C:\Users\tsi\Desktop\PPE_SI-master\{8f135978-30e4-45ae-92ef-9ea0bd590246}\assemblage_final.CES
Position n° 3
Exception:  failed to create win32 control, error: 1407, dans la procédure Position_suivante


------------------------------------------------------
Date: 23/03/2015 ; 11:33:34
Mécanisme:  C:\Users\tsi\Desktop\PPE_SI-master\{8f135978-30e4-45ae-92ef-9ea0bd590246}\assemblage_final.CES
Position n° 3
Exception:  failed to create win32 control, error: 1407, dans la procédure Position_suivante


------------------------------------------------------
Date: 23/03/2015 ; 11:36:19
Mécanisme:  C:\Users\tsi\Desktop\PPE_SI-master\{8f135978-30e4-45ae-92ef-9ea0bd590246}\assemblage_final.CES
Position n° 5
Exception:  failed to create win32 control, error: 1407, dans la procédure Position_suivante


------------------------------------------------------
Date: 23/03/2015 ; 11:37:58
Mécanisme:  C:\Users\tsi\Desktop\PPE_SI-master\{8f135978-30e4-45ae-92ef-9ea0bd590246}\assemblage_final.CES
Position n° 3
Exception:  failed to create win32 control, error: 1407, dans la procédure Position_suivante
